PID 16340 received SIGSEGV for address: 0x57e41ca8
SymInit: Symbol-SearchPath: '.;E:\laragon\www\obs-rcontrol;E:\laragon\www\obs-rcontrol\node_modules\electron-prebuilt-compile\node_modules\electron\dist;C:\WINDOWS;C:\WINDOWS\system32;SRV*C:\websymbols*http://msdl.microsoft.com/download/symbols;', symOptions: 530, UserName: 'Samuel'
OS-Version: 10.0.17134 () 0x100-0x1
e:\laragon\www\obs-rcontrol\node_modules\segfault-handler\src\stackwalker.cpp (941): StackWalker::ShowCallstack
e:\laragon\www\obs-rcontrol\node_modules\segfault-handler\src\segfault-handler.cpp (235): segfault_handler
00007FFA65CB5678 (ntdll): (filename not available): RtlInitializeCriticalSection
00007FFA65C5692A (ntdll): (filename not available): RtlWalkFrameChain
00007FFA65CEDC1E (ntdll): (filename not available): KiUserExceptionDispatcher
00007FFA57E41CA8 (iohook): (filename not available): (function-name not available)
00007FFA57E42311 (iohook): (filename not available): (function-name not available)
00007FFA1CE445EF (node): (filename not available): uv_stream_set_blocking
00007FFA1CE451BF (node): (filename not available): uv_run
00007FF6469B9594 (electron): (filename not available): (function-name not available)
00007FF6469B9CE7 (electron): (filename not available): (function-name not available)
00007FF646BF7FB5 (electron): (filename not available): GetHandleVerifier
00007FF6490586DD (electron): (filename not available): IsSandboxedProcess
00007FF649057674 (electron): (filename not available): IsSandboxedProcess
00007FF64821E9E1 (electron): (filename not available): IsSandboxedProcess
00007FF646BF7FB5 (electron): (filename not available): GetHandleVerifier
00007FF646BAFCF5 (electron): (filename not available): GetHandleVerifier
00007FF646BB07E3 (electron): (filename not available): GetHandleVerifier
00007FF646BF91CD (electron): (filename not available): GetHandleVerifier
00007FF646BAA89F (electron): (filename not available): GetHandleVerifier
00007FF6483F3DA6 (electron): (filename not available): IsSandboxedProcess
00007FF648123D4D (electron): (filename not available): IsSandboxedProcess
00007FF648123C40 (electron): (filename not available): IsSandboxedProcess
00007FF648E90F8E (electron): (filename not available): IsSandboxedProcess
00007FF647C71540 (electron): (filename not available): GetHandleVerifier
00007FF64698BC85 (electron): (filename not available): (function-name not available)
00007FF649486833 (electron): (filename not available): IsSandboxedProcess
00007FFA65A63034 (KERNEL32): (filename not available): BaseThreadInitThunk
00007FFA65CC1431 (ntdll): (filename not available): RtlUserThreadStart
PID 2556 received SIGSEGV for address: 0x57e41ca8
SymInit: Symbol-SearchPath: '.;E:\laragon\www\obs-rcontrol;E:\laragon\www\obs-rcontrol\node_modules\electron-prebuilt-compile\node_modules\electron\dist;C:\WINDOWS;C:\WINDOWS\system32;SRV*C:\websymbols*http://msdl.microsoft.com/download/symbols;', symOptions: 530, UserName: 'Samuel'
OS-Version: 10.0.17134 () 0x100-0x1
e:\laragon\www\obs-rcontrol\node_modules\segfault-handler\src\stackwalker.cpp (941): StackWalker::ShowCallstack
e:\laragon\www\obs-rcontrol\node_modules\segfault-handler\src\segfault-handler.cpp (235): segfault_handler
00007FFA65CB5678 (ntdll): (filename not available): RtlInitializeCriticalSection
00007FFA65C5692A (ntdll): (filename not available): RtlWalkFrameChain
00007FFA65CEDC1E (ntdll): (filename not available): KiUserExceptionDispatcher
00007FFA57E41CA8 (iohook): (filename not available): (function-name not available)
00007FFA57E42311 (iohook): (filename not available): (function-name not available)
00007FFA1CE445EF (node): (filename not available): uv_stream_set_blocking
00007FFA1CE451BF (node): (filename not available): uv_run
00007FF6469B9594 (electron): (filename not available): (function-name not available)
00007FF6469B9CE7 (electron): (filename not available): (function-name not available)
00007FF646BF7FB5 (electron): (filename not available): GetHandleVerifier
00007FF6490586DD (electron): (filename not available): IsSandboxedProcess
00007FF649057674 (electron): (filename not available): IsSandboxedProcess
00007FF64821E9E1 (electron): (filename not available): IsSandboxedProcess
00007FF646BF7FB5 (electron): (filename not available): GetHandleVerifier
00007FF646BAFCF5 (electron): (filename not available): GetHandleVerifier
00007FF646BB07E3 (electron): (filename not available): GetHandleVerifier
00007FF646BF91CD (electron): (filename not available): GetHandleVerifier
00007FF646BAA89F (electron): (filename not available): GetHandleVerifier
00007FF6483F3DA6 (electron): (filename not available): IsSandboxedProcess
00007FF648123D4D (electron): (filename not available): IsSandboxedProcess
00007FF648123C40 (electron): (filename not available): IsSandboxedProcess
00007FF648E90F8E (electron): (filename not available): IsSandboxedProcess
00007FF647C71540 (electron): (filename not available): GetHandleVerifier
00007FF64698BC85 (electron): (filename not available): (function-name not available)
00007FF649486833 (electron): (filename not available): IsSandboxedProcess
00007FFA65A63034 (KERNEL32): (filename not available): BaseThreadInitThunk
00007FFA65CC1431 (ntdll): (filename not available): RtlUserThreadStart
